0 info it worked if it ends with ok
1 verbose cli [ '/Users/atishaybaid/.nvm/versions/node/v7.7.4/bin/node',
1 verbose cli   '/Users/atishaybaid/.nvm/versions/node/v7.7.4/bin/npm',
1 verbose cli   'install',
1 verbose cli   '-g',
1 verbose cli   'prettier' ]
2 info using npm@4.1.2
3 info using node@v7.7.4
4 silly loadCurrentTree Starting
5 silly install loadCurrentTree
6 silly install readGlobalPackageData
7 silly fetchPackageMetaData prettier
8 silly fetchNamedPackageData prettier
9 silly mapToRegistry name prettier
10 silly mapToRegistry using default registry
11 silly mapToRegistry registry https://registry.npmjs.org/
12 silly mapToRegistry data Result {
12 silly mapToRegistry   raw: 'prettier',
12 silly mapToRegistry   scope: null,
12 silly mapToRegistry   escapedName: 'prettier',
12 silly mapToRegistry   name: 'prettier',
12 silly mapToRegistry   rawSpec: '',
12 silly mapToRegistry   spec: 'latest',
12 silly mapToRegistry   type: 'tag' }
13 silly mapToRegistry uri https://registry.npmjs.org/prettier
14 verbose request uri https://registry.npmjs.org/prettier
15 verbose request no auth needed
16 info attempt registry request try #1 at 4:18:02 PM
17 verbose request id 53553e0b654c1c9d
18 http request GET https://registry.npmjs.org/prettier
19 http 200 https://registry.npmjs.org/prettier
20 verbose headers { 'content-type': 'application/json; charset=UTF-8',
20 verbose headers   server: 'UploadServer',
20 verbose headers   'cache-control': 'max-age=300',
20 verbose headers   'last-modified': 'Wed, 28 Feb 2018 22:22:12 GMT',
20 verbose headers   etag: '"5a972b94-20e85"',
20 verbose headers   'x-npm-region': 'EU-Central',
20 verbose headers   'content-encoding': 'gzip',
20 verbose headers   'content-length': '13823',
20 verbose headers   'accept-ranges': 'bytes',
20 verbose headers   date: 'Sat, 03 Mar 2018 10:48:03 GMT',
20 verbose headers   via: '1.1 varnish',
20 verbose headers   age: '14098',
20 verbose headers   connection: 'keep-alive',
20 verbose headers   'x-served-by': 'cache-ams4128-AMS',
20 verbose headers   'x-cache': 'HIT',
20 verbose headers   'x-cache-hits': '1',
20 verbose headers   'x-timer': 'S1520074084.547765,VS0,VE1',
20 verbose headers   vary: 'Accept-Encoding, Accept' }
21 silly get cb [ 200,
21 silly get   { 'content-type': 'application/json; charset=UTF-8',
21 silly get     server: 'UploadServer',
21 silly get     'cache-control': 'max-age=300',
21 silly get     'last-modified': 'Wed, 28 Feb 2018 22:22:12 GMT',
21 silly get     etag: '"5a972b94-20e85"',
21 silly get     'x-npm-region': 'EU-Central',
21 silly get     'content-encoding': 'gzip',
21 silly get     'content-length': '13823',
21 silly get     'accept-ranges': 'bytes',
21 silly get     date: 'Sat, 03 Mar 2018 10:48:03 GMT',
21 silly get     via: '1.1 varnish',
21 silly get     age: '14098',
21 silly get     connection: 'keep-alive',
21 silly get     'x-served-by': 'cache-ams4128-AMS',
21 silly get     'x-cache': 'HIT',
21 silly get     'x-cache-hits': '1',
21 silly get     'x-timer': 'S1520074084.547765,VS0,VE1',
21 silly get     vary: 'Accept-Encoding, Accept' } ]
22 verbose get saving prettier to /Users/atishaybaid/.npm/registry.npmjs.org/prettier/.cache.json
23 verbose correctMkdir /Users/atishaybaid/.npm correctMkdir not in flight; initializing
24 silly install normalizeTree
25 silly loadCurrentTree Finishing
26 silly loadIdealTree Starting
27 silly install loadIdealTree
28 silly cloneCurrentTree Starting
29 silly install cloneCurrentTreeToIdealTree
30 silly cloneCurrentTree Finishing
31 silly loadShrinkwrap Starting
32 silly install loadShrinkwrap
33 silly loadShrinkwrap Finishing
34 silly loadAllDepsIntoIdealTree Starting
35 silly install loadAllDepsIntoIdealTree
36 silly resolveWithNewModule prettier@1.11.1 checking installable status
37 silly cache add args [ 'prettier', null ]
38 verbose cache add spec prettier
39 silly cache add parsed spec Result {
39 silly cache add   raw: 'prettier',
39 silly cache add   scope: null,
39 silly cache add   escapedName: 'prettier',
39 silly cache add   name: 'prettier',
39 silly cache add   rawSpec: '',
39 silly cache add   spec: 'latest',
39 silly cache add   type: 'tag' }
40 silly addNamed prettier@latest
41 verbose addNamed "latest" is being treated as a dist-tag for prettier
42 info addNameTag [ 'prettier', 'latest' ]
43 silly mapToRegistry name prettier
44 silly mapToRegistry using default registry
45 silly mapToRegistry registry https://registry.npmjs.org/
46 silly mapToRegistry data Result {
46 silly mapToRegistry   raw: 'prettier',
46 silly mapToRegistry   scope: null,
46 silly mapToRegistry   escapedName: 'prettier',
46 silly mapToRegistry   name: 'prettier',
46 silly mapToRegistry   rawSpec: '',
46 silly mapToRegistry   spec: 'latest',
46 silly mapToRegistry   type: 'tag' }
47 silly mapToRegistry uri https://registry.npmjs.org/prettier
48 verbose addNameTag registry:https://registry.npmjs.org/prettier not in flight; fetching
49 verbose get https://registry.npmjs.org/prettier not expired, no request
50 silly addNameTag next cb for prettier with tag latest
51 silly addNamed prettier@1.11.1
52 verbose addNamed "1.11.1" is a plain semver version for prettier
53 silly mapToRegistry name prettier
54 silly mapToRegistry using default registry
55 silly mapToRegistry registry https://registry.npmjs.org/
56 silly mapToRegistry data Result {
56 silly mapToRegistry   raw: 'prettier',
56 silly mapToRegistry   scope: null,
56 silly mapToRegistry   escapedName: 'prettier',
56 silly mapToRegistry   name: 'prettier',
56 silly mapToRegistry   rawSpec: '',
56 silly mapToRegistry   spec: 'latest',
56 silly mapToRegistry   type: 'tag' }
57 silly mapToRegistry uri https://registry.npmjs.org/prettier
58 verbose addRemoteTarball https://registry.npmjs.org/prettier/-/prettier-1.11.1.tgz not in flight; adding
59 verbose addRemoteTarball [ 'https://registry.npmjs.org/prettier/-/prettier-1.11.1.tgz',
59 verbose addRemoteTarball   '61e43fc4cd44e68f2b0dfc2c38cd4bb0fccdcc75' ]
60 info retry fetch attempt 1 at 4:18:03 PM
61 info attempt registry request try #1 at 4:18:03 PM
62 http fetch GET https://registry.npmjs.org/prettier/-/prettier-1.11.1.tgz
63 http fetch 200 https://registry.npmjs.org/prettier/-/prettier-1.11.1.tgz
64 silly fetchAndShaCheck shasum 61e43fc4cd44e68f2b0dfc2c38cd4bb0fccdcc75
65 verbose addTmpTarball /tmp/npm-2630-c0af8f63/registry.npmjs.org/prettier/-/prettier-1.11.1.tgz not in flight; adding
66 verbose addTmpTarball already have metadata; skipping unpack for prettier@1.11.1
67 verbose correctMkdir /Users/atishaybaid/.npm correctMkdir not in flight; initializing
68 silly cache afterAdd prettier@1.11.1
69 verbose afterAdd /Users/atishaybaid/.npm/prettier/1.11.1/package/package.json not in flight; writing
70 verbose correctMkdir /Users/atishaybaid/.npm correctMkdir not in flight; initializing
71 verbose afterAdd /Users/atishaybaid/.npm/prettier/1.11.1/package/package.json written
72 silly loadAllDepsIntoIdealTree Finishing
73 silly loadIdealTree Finishing
74 silly currentTree lib
75 silly idealTree lib
75 silly idealTree └── prettier@1.11.1
76 silly generateActionsToTake Starting
77 silly install generateActionsToTake
78 silly generateActionsToTake Finishing
79 silly diffTrees action count 1
80 silly diffTrees add prettier@1.11.1
81 silly decomposeActions action count 8
82 silly decomposeActions fetch prettier@1.11.1
83 silly decomposeActions extract prettier@1.11.1
84 silly decomposeActions test prettier@1.11.1
85 silly decomposeActions preinstall prettier@1.11.1
86 silly decomposeActions build prettier@1.11.1
87 silly decomposeActions install prettier@1.11.1
88 silly decomposeActions postinstall prettier@1.11.1
89 silly decomposeActions finalize prettier@1.11.1
90 silly runTopLevelLifecycles Starting
91 silly executeActions Starting
92 silly install executeActions
93 silly doSerial global-install 0
94 silly doParallel fetch 1
95 verbose correctMkdir /Users/atishaybaid/.npm/_locks correctMkdir not in flight; initializing
96 verbose lock using /Users/atishaybaid/.npm/_locks/staging-9a04b220b99139b5.lock for /Users/atishaybaid/.nvm/versions/node/v7.7.4/lib/node_modules/.staging
97 silly doParallel extract 1
98 silly extract prettier@1.11.1
99 verbose unbuild lib/node_modules/.staging/prettier-aab0feca
100 silly gentlyRm /Users/atishaybaid/.nvm/versions/node/v7.7.4/lib/node_modules/.staging/prettier-aab0feca is being purged from base /Users/atishaybaid/.nvm/versions/node/v7.7.4
101 verbose gentlyRm don't care about contents; nuking /Users/atishaybaid/.nvm/versions/node/v7.7.4/lib/node_modules/.staging/prettier-aab0feca
102 verbose tar unpack /Users/atishaybaid/.npm/prettier/1.11.1/package.tgz
103 verbose tar unpacking to /Users/atishaybaid/.nvm/versions/node/v7.7.4/lib/node_modules/.staging/prettier-aab0feca
104 silly gentlyRm /Users/atishaybaid/.nvm/versions/node/v7.7.4/lib/node_modules/.staging/prettier-aab0feca is being purged
105 verbose gentlyRm don't care about contents; nuking /Users/atishaybaid/.nvm/versions/node/v7.7.4/lib/node_modules/.staging/prettier-aab0feca
106 silly gunzTarPerm modes [ '755', '644' ]
107 silly gunzTarPerm extractEntry package.json
108 silly gunzTarPerm extractEntry bin-prettier.js
109 silly gunzTarPerm extractEntry index.js
110 silly gunzTarPerm extractEntry parser-babylon.js
111 silly gunzTarPerm extractEntry parser-flow.js
112 silly gunzTarPerm extractEntry parser-glimmer.js
113 silly gunzTarPerm extractEntry parser-graphql.js
114 silly gunzTarPerm extractEntry parser-markdown.js
115 silly gunzTarPerm extractEntry parser-parse5.js
116 silly gunzTarPerm extractEntry parser-postcss.js
117 silly gunzTarPerm extractEntry parser-typescript.js
118 silly gunzTarPerm extractEntry parser-vue.js
119 silly gunzTarPerm extractEntry prettier-1.11.1.tgz
120 silly gunzTarPerm extractEntry README.md
121 silly gunzTarPerm extractEntry third-party.js
122 silly gentlyRm /Users/atishaybaid/.nvm/versions/node/v7.7.4/lib/node_modules/.staging/prettier-aab0feca/node_modules is being purged
123 verbose gentlyRm don't care about contents; nuking /Users/atishaybaid/.nvm/versions/node/v7.7.4/lib/node_modules/.staging/prettier-aab0feca/node_modules
124 silly doParallel preinstall 1
125 silly preinstall prettier@1.11.1
126 info lifecycle prettier@1.11.1~preinstall: prettier@1.11.1
127 silly lifecycle prettier@1.11.1~preinstall: no script for preinstall, continuing
128 silly doReverseSerial remove 0
129 silly doSerial move 0
130 silly doSerial finalize 1
131 silly finalize /Users/atishaybaid/.nvm/versions/node/v7.7.4/lib/node_modules/prettier
132 silly doSerial build 1
133 silly build prettier@1.11.1
134 info linkStuff prettier@1.11.1
135 silly linkStuff prettier@1.11.1 has /Users/atishaybaid/.nvm/versions/node/v7.7.4/lib/node_modules as its parent node_modules
136 silly linkStuff prettier@1.11.1 is part of a global install
137 silly linkStuff prettier@1.11.1 is installed into a global node_modules
138 silly linkStuff prettier@1.11.1 is installed into the top-level global node_modules
139 verbose linkBins prettier@1.11.1
140 verbose linkBins [ { prettier: './bin-prettier.js' },
140 verbose linkBins   '/Users/atishaybaid/.nvm/versions/node/v7.7.4/bin',
140 verbose linkBins   true ]
141 verbose linkMans prettier@1.11.1
142 silly gentlyRm /Users/atishaybaid/.nvm/versions/node/v7.7.4/bin/prettier is being gently removed
143 silly gentlyRm parent.path = /Users/atishaybaid/.nvm/versions/node/v7.7.4
144 silly gentlyRm parent.managed = /Users/atishaybaid/.nvm/versions/node/v7.7.4 is in /Users/atishaybaid/.nvm/versions/node/v7.7.4
145 silly gentlyRm target.path =  /Users/atishaybaid/.nvm/versions/node/v7.7.4/bin/prettier
146 silly gentlyRm target.symlink = ../../../../../.config/yarn/global/node_modules/prettier/bin/prettier.js
147 silly gentlyRm target.managed = false
148 silly gentlyRm target.inParent =  false
149 verbose unlock done using /Users/atishaybaid/.npm/_locks/staging-9a04b220b99139b5.lock for /Users/atishaybaid/.nvm/versions/node/v7.7.4/lib/node_modules/.staging
150 silly rollbackFailedOptional Starting
151 silly gentlyRm /Users/atishaybaid/.nvm/versions/node/v7.7.4/lib/node_modules/prettier is being purged from base /Users/atishaybaid/.nvm/versions/node/v7.7.4/lib
152 verbose gentlyRm don't care about contents; nuking /Users/atishaybaid/.nvm/versions/node/v7.7.4/lib/node_modules/prettier
153 silly gentlyRm /Users/atishaybaid/.nvm/versions/node/v7.7.4/lib/node_modules/prettier is being purged from base /Users/atishaybaid/.nvm/versions/node/v7.7.4/lib
154 verbose gentlyRm don't care about contents; nuking /Users/atishaybaid/.nvm/versions/node/v7.7.4/lib/node_modules/prettier
155 silly gentlyRm /Users/atishaybaid/.nvm/versions/node/v7.7.4/lib/node_modules/prettier is being purged from base /Users/atishaybaid/.nvm/versions/node/v7.7.4/lib
156 verbose gentlyRm don't care about contents; nuking /Users/atishaybaid/.nvm/versions/node/v7.7.4/lib/node_modules/prettier
157 silly gentlyRm /Users/atishaybaid/.nvm/versions/node/v7.7.4/lib/node_modules/prettier is being purged from base /Users/atishaybaid/.nvm/versions/node/v7.7.4/lib
158 verbose gentlyRm don't care about contents; nuking /Users/atishaybaid/.nvm/versions/node/v7.7.4/lib/node_modules/prettier
159 silly gentlyRm /Users/atishaybaid/.nvm/versions/node/v7.7.4/lib/node_modules/prettier is being purged from base /Users/atishaybaid/.nvm/versions/node/v7.7.4/lib
160 verbose gentlyRm don't care about contents; nuking /Users/atishaybaid/.nvm/versions/node/v7.7.4/lib/node_modules/prettier
161 silly gentlyRm /Users/atishaybaid/.nvm/versions/node/v7.7.4/lib/node_modules/prettier is being purged from base /Users/atishaybaid/.nvm/versions/node/v7.7.4/lib
162 verbose gentlyRm don't care about contents; nuking /Users/atishaybaid/.nvm/versions/node/v7.7.4/lib/node_modules/prettier
163 silly gentlyRm /Users/atishaybaid/.nvm/versions/node/v7.7.4/lib/node_modules/prettier is being purged from base /Users/atishaybaid/.nvm/versions/node/v7.7.4/lib
164 verbose gentlyRm don't care about contents; nuking /Users/atishaybaid/.nvm/versions/node/v7.7.4/lib/node_modules/prettier
165 silly gentlyRm /Users/atishaybaid/.nvm/versions/node/v7.7.4/lib/node_modules/prettier is being purged from base /Users/atishaybaid/.nvm/versions/node/v7.7.4/lib
166 verbose gentlyRm don't care about contents; nuking /Users/atishaybaid/.nvm/versions/node/v7.7.4/lib/node_modules/prettier
167 silly vacuum-fs purging /Users/atishaybaid/.nvm/versions/node/v7.7.4/lib/node_modules/prettier
168 silly vacuum-fs purging /Users/atishaybaid/.nvm/versions/node/v7.7.4/lib/node_modules/prettier
169 silly vacuum-fs purging /Users/atishaybaid/.nvm/versions/node/v7.7.4/lib/node_modules/prettier
170 silly vacuum-fs purging /Users/atishaybaid/.nvm/versions/node/v7.7.4/lib/node_modules/prettier
171 silly vacuum-fs purging /Users/atishaybaid/.nvm/versions/node/v7.7.4/lib/node_modules/prettier
172 silly vacuum-fs purging /Users/atishaybaid/.nvm/versions/node/v7.7.4/lib/node_modules/prettier
173 silly vacuum-fs purging /Users/atishaybaid/.nvm/versions/node/v7.7.4/lib/node_modules/prettier
174 silly vacuum-fs purging /Users/atishaybaid/.nvm/versions/node/v7.7.4/lib/node_modules/prettier
175 silly vacuum-fs quitting because other entries in /Users/atishaybaid/.nvm/versions/node/v7.7.4/lib/node_modules
176 silly vacuum-fs quitting because other entries in /Users/atishaybaid/.nvm/versions/node/v7.7.4/lib/node_modules
177 silly vacuum-fs quitting because other entries in /Users/atishaybaid/.nvm/versions/node/v7.7.4/lib/node_modules
178 silly vacuum-fs quitting because other entries in /Users/atishaybaid/.nvm/versions/node/v7.7.4/lib/node_modules
179 silly vacuum-fs quitting because other entries in /Users/atishaybaid/.nvm/versions/node/v7.7.4/lib/node_modules
180 silly vacuum-fs quitting because other entries in /Users/atishaybaid/.nvm/versions/node/v7.7.4/lib/node_modules
181 silly vacuum-fs quitting because other entries in /Users/atishaybaid/.nvm/versions/node/v7.7.4/lib/node_modules
182 silly vacuum-fs quitting because other entries in /Users/atishaybaid/.nvm/versions/node/v7.7.4/lib/node_modules
183 silly rollbackFailedOptional Finishing
184 silly runTopLevelLifecycles Finishing
185 silly install printInstalled
186 verbose stack Error: Refusing to delete /Users/atishaybaid/.nvm/versions/node/v7.7.4/bin/prettier: ../../../../../.config/yarn/global/node_modules/prettier/bin/prettier.js symlink target is not controlled by npm /Users/atishaybaid/.nvm/versions/node/v7.7.4
186 verbose stack     at clobberFail (/Users/atishaybaid/.nvm/versions/node/v7.7.4/lib/node_modules/npm/lib/utils/gently-rm.js:162:12)
186 verbose stack     at isSafeToRm (/Users/atishaybaid/.nvm/versions/node/v7.7.4/lib/node_modules/npm/lib/utils/gently-rm.js:152:15)
186 verbose stack     at /Users/atishaybaid/.nvm/versions/node/v7.7.4/lib/node_modules/npm/lib/utils/gently-rm.js:93:5
186 verbose stack     at LOOP (/Users/atishaybaid/.nvm/versions/node/v7.7.4/lib/node_modules/npm/node_modules/slide/lib/chain.js:7:26)
186 verbose stack     at /Users/atishaybaid/.nvm/versions/node/v7.7.4/lib/node_modules/npm/node_modules/slide/lib/chain.js:18:7
186 verbose stack     at /Users/atishaybaid/.nvm/versions/node/v7.7.4/lib/node_modules/npm/lib/utils/gently-rm.js:179:14
186 verbose stack     at /Users/atishaybaid/.nvm/versions/node/v7.7.4/lib/node_modules/npm/node_modules/iferr/index.js:11:16
186 verbose stack     at /Users/atishaybaid/.nvm/versions/node/v7.7.4/lib/node_modules/npm/node_modules/iferr/index.js:11:16
186 verbose stack     at /Users/atishaybaid/.nvm/versions/node/v7.7.4/lib/node_modules/npm/node_modules/iferr/index.js:11:16
186 verbose stack     at /Users/atishaybaid/.nvm/versions/node/v7.7.4/lib/node_modules/npm/node_modules/iferr/index.js:11:16
187 verbose cwd /Users/atishaybaid/work/open-movie-app/js
188 error Darwin 17.3.0
189 error argv "/Users/atishaybaid/.nvm/versions/node/v7.7.4/bin/node" "/Users/atishaybaid/.nvm/versions/node/v7.7.4/bin/npm" "install" "-g" "prettier"
190 error node v7.7.4
191 error npm  v4.1.2
192 error path /Users/atishaybaid/.nvm/versions/node/v7.7.4/bin/prettier
193 error code EEXIST
194 error Refusing to delete /Users/atishaybaid/.nvm/versions/node/v7.7.4/bin/prettier: ../../../../../.config/yarn/global/node_modules/prettier/bin/prettier.js symlink target is not controlled by npm /Users/atishaybaid/.nvm/versions/node/v7.7.4
195 error File exists: /Users/atishaybaid/.nvm/versions/node/v7.7.4/bin/prettier
196 error Move it away, and try again.
197 verbose exit [ 1, true ]
